===== Auto Run Started: 2025年 11月  4日 火曜日 04:12:18 JST =====
Running ./scripts/s_T1wflirt_5_auto.sh ...
==============================
Processing subject: sub-*
==============================
Extracting b=0 image for registration with T1w
Image Exception : #63 :: No image files match: /home/brain/research/DATA/BIDS/preproc/sub-*_ses-01_dir-PA_dwi_aftereddy
No image files match: /home/brain/research/DATA/BIDS/preproc/sub-*_ses-01_dir-PA_dwi_aftereddy
Step #6 completed in 1 sec

Running brain extraction on T1w and b0

Error: input image /home/brain/research/DATA/BIDS/raw/sub-*/ses-01/anat/sub-*_ses-01_acq-mp2rage_T1w not valid


Error: input image b0_1_PA_aftereddy not valid

Step #7 completed in 1 sec

Aligning DWI data with T1-weighted image
Running FAST segmentation
Image Exception : #63 :: No image files match: T1w_brain
Image Exception : #22 :: Failed to read volume T1w_brain
Error : No image files match: T1w_brain
terminate called after throwing an instance of 'std::runtime_error'
  what():  Failed to read volume T1w_brain
Error : No image files match: T1w_brain
/usr/local/fsl/bin/epi_reg: line 314:  2916 Aborted                 (core dumped) $FSLDIR/bin/fast -o ${vout}_fast ${vrefbrain}
Image Exception : #63 :: No image files match: dwi2anatalign_fast_pve_2
terminate called after throwing an instance of 'std::runtime_error'
  what():  No image files match: dwi2anatalign_fast_pve_2
/usr/local/fsl/bin/epi_reg: line 314:  2939 Aborted                 (core dumped) $FSLDIR/bin/fslmaths ${vout}_fast_pve_2 -thr 0.5 -bin ${vout}_fast_wmseg
Image Exception : #63 :: No image files match: dwi2anatalign_fast_wmseg
terminate called after throwing an instance of 'std::runtime_error'
  what():  No image files match: dwi2anatalign_fast_wmseg
/usr/local/fsl/bin/epi_reg: line 320:  2944 Aborted                 (core dumped) $FSLDIR/bin/fslmaths ${vout}_fast_wmseg -edge -bin -mas ${vout}_fast_wmseg ${vout}_fast_wmedge
FLIRT pre-alignment
Image Exception : #63 :: No image files match: T1w_brain
Image Exception : #22 :: Failed to read volume T1w_brain
Error : No image files match: T1w_brain
Failed to read volume T1w_brain
Error : No image files match: T1w_brain
Running BBR
Image Exception : #63 :: No image files match: /home/brain/research/DATA/BIDS/raw/sub-*/ses-01/anat/sub-*_ses-01_acq-mp2rage_T1w
Image Exception : #22 :: Failed to read volume /home/brain/research/DATA/BIDS/raw/sub-*/ses-01/anat/sub-*_ses-01_acq-mp2rage_T1w
Error : No image files match: /home/brain/research/DATA/BIDS/raw/sub-*/ses-01/anat/sub-*_ses-01_acq-mp2rage_T1w
Failed to read volume /home/brain/research/DATA/BIDS/raw/sub-*/ses-01/anat/sub-*_ses-01_acq-mp2rage_T1w
Error : No image files match: /home/brain/research/DATA/BIDS/raw/sub-*/ses-01/anat/sub-*_ses-01_acq-mp2rage_T1w
Could not open matrix file dwi2anatalign.mat
Image Exception : #63 :: No image files match: b0_1_PA_aftereddy_brain
Image Exception : #22 :: Failed to read volume b0_1_PA_aftereddy_brain
Error : No image files match: b0_1_PA_aftereddy_brain
terminate called after throwing an instance of 'std::runtime_error'
  what():  Failed to read volume b0_1_PA_aftereddy_brain
Error : No image files match: b0_1_PA_aftereddy_brain
/usr/local/fsl/bin/epi_reg: line 390:  2951 Aborted                 (core dumped) $FSLDIR/bin/applywarp -i ${vepi} -r ${vrefhead} -o ${vout} --premat=${vout}.mat --interp=spline
Step #8 completed in 1 sec

Converting transformation matrix
Could not open matrix file dwi2anatalign.mat
Cannot read input-matrix
Step #9 completed in 0 sec

Transforming T1w to DWI space (MRtrix format)
transformconvert: [ERROR] Unable to open numerical data text file "anat2dwialign.mat": No such file or directory
mrtransform: [WARNING] existing output files will be overwritten
mrtransform: [ERROR] input file "anat2dwialign_mrtrix.txt" for option "-linear" not found
Step #10 completed in 0 sec

Converting preprocessed DWI data to MRtrix format
mrconvert: [WARNING] existing output files will be overwritten
mrconvert: [ERROR] input file "/home/brain/research/DATA/BIDS/preproc/sub-*_ses-01_dir-PA_dwi_aftereddy.eddy_rotated_bvecs" for option "-fslgrad" not found
Step #11 completed in 0 sec

Completed subject: sub-*
./scripts/s_T1wflirt_5_auto.sh completed successfully.
Running ./scripts/s_fsleddy_4_auto.sh ...
Processing sub-032301 ...

Error: input image b0_PA_1 not valid

Step #4 completed in 1 sec


Warning: In a future release the first argument will have to be "diffusion" when using eddy on diffusion data, i.e.
eddy diffusion --imain='my_ima' --acqp='my_acqp' ...

Warning: Writing of individual text files will be discontinued in favour of a single .json file in future versions

Image Exception : #63 :: No image files match: b0_PA1_brain_mask
Image Exception : #22 :: Failed to read volume b0_PA1_brain_mask.nii.gz
Error : No image files match: b0_PA1_brain_mask
EddyInputError:  Error when attempting to read --mask file b0_PA1_brain_mask.nii.gz
Terminating program
Step #5 completed in 0 sec

Finished EDDY sub-032301
./scripts/s_fsleddy_4_auto.sh completed successfully.
Running ./scripts/s_fsltopup_3_auto.sh ...
===== Processing sub-032301 =====
Step #1 completed in 3 sec

Step #2 completed in 2 sec

Running TOPUP for sub-032301 ...
===== Auto Run Started: 2025年 11月  4日 火曜日 04:13:13 JST =====
Running ./scripts/s_T1wflirt_5_auto.sh ...
==============================
Processing subject: sub-*
==============================
Extracting b=0 image for registration with T1w
Image Exception : #63 :: No image files match: /home/brain/research/DATA/BIDS/preproc/sub-*_ses-01_dir-PA_dwi_aftereddy
No image files match: /home/brain/research/DATA/BIDS/preproc/sub-*_ses-01_dir-PA_dwi_aftereddy
Step #6 completed in 0 sec

Running brain extraction on T1w and b0

Error: input image /home/brain/research/DATA/BIDS/raw/sub-*/ses-01/anat/sub-*_ses-01_acq-mp2rage_T1w not valid


Error: input image b0_1_PA_aftereddy not valid

Step #7 completed in 1 sec

Aligning DWI data with T1-weighted image
Running FAST segmentation
Image Exception : #63 :: No image files match: T1w_brain
Image Exception : #22 :: Failed to read volume T1w_brain
Error : No image files match: T1w_brain
terminate called after throwing an instance of 'std::runtime_error'
  what():  Failed to read volume T1w_brain
Error : No image files match: T1w_brain
/usr/local/fsl/bin/epi_reg: line 314:  3241 Aborted                 (core dumped) $FSLDIR/bin/fast -o ${vout}_fast ${vrefbrain}
Image Exception : #63 :: No image files match: dwi2anatalign_fast_pve_2
terminate called after throwing an instance of 'std::runtime_error'
  what():  No image files match: dwi2anatalign_fast_pve_2
/usr/local/fsl/bin/epi_reg: line 314:  3255 Aborted                 (core dumped) $FSLDIR/bin/fslmaths ${vout}_fast_pve_2 -thr 0.5 -bin ${vout}_fast_wmseg
Image Exception : #63 :: No image files match: dwi2anatalign_fast_wmseg
terminate called after throwing an instance of 'std::runtime_error'
  what():  No image files match: dwi2anatalign_fast_wmseg
/usr/local/fsl/bin/epi_reg: line 320:  3259 Aborted                 (core dumped) $FSLDIR/bin/fslmaths ${vout}_fast_wmseg -edge -bin -mas ${vout}_fast_wmseg ${vout}_fast_wmedge
FLIRT pre-alignment
Image Exception : #63 :: No image files match: T1w_brain
Image Exception : #22 :: Failed to read volume T1w_brain
Error : No image files match: T1w_brain
Failed to read volume T1w_brain
Error : No image files match: T1w_brain
Running BBR
Image Exception : #63 :: No image files match: /home/brain/research/DATA/BIDS/raw/sub-*/ses-01/anat/sub-*_ses-01_acq-mp2rage_T1w
Image Exception : #22 :: Failed to read volume /home/brain/research/DATA/BIDS/raw/sub-*/ses-01/anat/sub-*_ses-01_acq-mp2rage_T1w
Error : No image files match: /home/brain/research/DATA/BIDS/raw/sub-*/ses-01/anat/sub-*_ses-01_acq-mp2rage_T1w
Failed to read volume /home/brain/research/DATA/BIDS/raw/sub-*/ses-01/anat/sub-*_ses-01_acq-mp2rage_T1w
Error : No image files match: /home/brain/research/DATA/BIDS/raw/sub-*/ses-01/anat/sub-*_ses-01_acq-mp2rage_T1w
Could not open matrix file dwi2anatalign.mat
Image Exception : #63 :: No image files match: b0_1_PA_aftereddy_brain
Image Exception : #22 :: Failed to read volume b0_1_PA_aftereddy_brain
Error : No image files match: b0_1_PA_aftereddy_brain
terminate called after throwing an instance of 'std::runtime_error'
  what():  Failed to read volume b0_1_PA_aftereddy_brain
Error : No image files match: b0_1_PA_aftereddy_brain
/usr/local/fsl/bin/epi_reg: line 390:  3266 Aborted                 (core dumped) $FSLDIR/bin/applywarp -i ${vepi} -r ${vrefhead} -o ${vout} --premat=${vout}.mat --interp=spline
Step #8 completed in 1 sec

Converting transformation matrix
Could not open matrix file dwi2anatalign.mat
Cannot read input-matrix
Step #9 completed in 0 sec

Transforming T1w to DWI space (MRtrix format)
transformconvert: [ERROR] Unable to open numerical data text file "anat2dwialign.mat": No such file or directory
mrtransform: [WARNING] existing output files will be overwritten
mrtransform: [ERROR] input file "anat2dwialign_mrtrix.txt" for option "-linear" not found
Step #10 completed in 0 sec

Converting preprocessed DWI data to MRtrix format
mrconvert: [WARNING] existing output files will be overwritten
mrconvert: [ERROR] input file "/home/brain/research/DATA/BIDS/preproc/sub-*_ses-01_dir-PA_dwi_aftereddy.eddy_rotated_bvecs" for option "-fslgrad" not found
Step #11 completed in 0 sec

Completed subject: sub-*
./scripts/s_T1wflirt_5_auto.sh completed successfully.
Running ./scripts/s_fsleddy_4_auto.sh ...
Processing sub-032301 ...

Error: input image b0_PA_1 not valid

Step #4 completed in 0 sec


Warning: In a future release the first argument will have to be "diffusion" when using eddy on diffusion data, i.e.
eddy diffusion --imain='my_ima' --acqp='my_acqp' ...

Warning: Writing of individual text files will be discontinued in favour of a single .json file in future versions

Image Exception : #63 :: No image files match: b0_PA1_brain_mask
Image Exception : #22 :: Failed to read volume b0_PA1_brain_mask.nii.gz
Error : No image files match: b0_PA1_brain_mask
EddyInputError:  Error when attempting to read --mask file b0_PA1_brain_mask.nii.gz
Terminating program
Step #5 completed in 0 sec

Finished EDDY sub-032301
./scripts/s_fsleddy_4_auto.sh completed successfully.
Running ./scripts/s_fsltopup_3_auto.sh ...
===== Processing sub-032301 =====
===== Auto Run Started: 2025年 11月  4日 火曜日 04:25:05 JST =====
▶Running /home/brain/dti_research/scripts/s_fsltopup_3_auto.sh ...
===== Processing sub-032301 =====
Step #1 completed in 3 sec

Step #2 completed in 2 sec

Running TOPUP for sub-032301 ...
Step #3 completed in 773 sec

Finished TOPUP for sub-032301
/home/brain/dti_research/scripts/s_fsltopup_3_auto.sh completed successfully.
▶Running /home/brain/dti_research/scripts/s_fsleddy_4_auto.sh ...
Processing sub-032301 ...
Step #4 completed in 2 sec


Warning: In a future release the first argument will have to be "diffusion" when using eddy on diffusion data, i.e.
eddy diffusion --imain='my_ima' --acqp='my_acqp' ...

Warning: Writing of individual text files will be discontinued in favour of a single .json file in future versions

Step #5 completed in 6625 sec

Finished EDDY sub-032301
/home/brain/dti_research/scripts/s_fsleddy_4_auto.sh completed successfully.
Skipped: /home/brain/dti_research/scripts/s_T1wflirt_5_auto not found.
===== Auto Run Finished: 2025年 11月  4日 火曜日 06:28:30 JST =====
===== Auto Run Started: 2025年 11月  5日 水曜日 22:31:01 JST =====
Running /home/brain/dti_research/scripts/s_fsltopup_3_auto.sh ...
===== Processing sub-032301 =====
Step #1 completed in 4 sec

Step #2 completed in 2 sec

Running TOPUP for sub-032301 ...
Step #3 completed in 690 sec

Finished TOPUP for sub-032301
/home/brain/dti_research/scripts/s_fsltopup_3_auto.sh completed successfully.
Running /home/brain/dti_research/scripts/s_fsleddy_4_auto.sh ...
Processing sub-032301 ...
Step #4 completed in 2 sec


Warning: In a future release the first argument will have to be "diffusion" when using eddy on diffusion data, i.e.
eddy diffusion --imain='my_ima' --acqp='my_acqp' ...

Warning: Writing of individual text files will be discontinued in favour of a single .json file in future versions

Step #5 completed in 5873 sec

Finished EDDY sub-032301
/home/brain/dti_research/scripts/s_fsleddy_4_auto.sh completed successfully.
Skipped: /home/brain/dti_research/scripts/s_T1wflirt_5_auto not found.
===== Auto Run Finished: 2025年 11月  6日 木曜日 00:20:33 JST =====
